+ trap '{ echo "Trap detected segmentation fault... status=$?"; exit 1; }' SIGSEGV
+ echo ''
+ echo ----------------------------------------------------------------------
+ echo 'Obtain information for the Worker Node and set the LOFAR environment'
+ echo ----------------------------------------------------------------------
+ echo ''
++ date
+ echo Mon Mar 7 15:04:56 CET 2016
+ echo loui
+ echo /home/apmechev
+ echo /data/softwaredir/lofar
+ ls -l /data/softwaredir/lofar
+ echo ''
+ echo 'Job directory is:'
+ echo /home/apmechev/TEST_29012016/TEST/FAD_v6/Application/sandbox
+ ls -l /home/apmechev/TEST_29012016/TEST/FAD_v6/Application/sandbox
+ echo ''
+ echo 'WN Architecture is:'
+ cat /proc/meminfo
+ grep MemTotal
+ cat /proc/cpuinfo
+ grep 'model name'
+ echo ''
+ echo 'Setting up the LOFAR environment; release current:'
+ LOFARROOT=/data/softwaredir/lofar/current/lofar/release
+ echo 'source lofarinit.sh'
+ . /data/softwaredir/lofar/current/lofar/release/lofarinit.sh
++ lfr_root=/data/home/lfrsgm11/home_crm01_067965840/CREAM067965840/lofar_lta_build/lofar/release
++ lfr_libdir=
++ test '' = ''
++ lfr_libdir=/data/home/lfrsgm11/home_crm01_067965840/CREAM067965840/lofar_lta_build/lofar/release/lib64
+++ basename /data/home/lfrsgm11/home_crm01_067965840/CREAM067965840/lofar_lta_build/lofar/release/lib64
++ lfr_libdir=lib64
+++ python -c 'from distutils.sysconfig import get_python_lib; from os.path import join; print join(get_python_lib(plat_specific=True, standard_lib=True, prefix='\'''\''), '\''site-packages'\'')'
++ lfr_pylibdir=lib/python2.7/site-packages
++ '[' /data/softwaredir/lofar/current/lofar/release '!=' '' ']'
+++ echo /data/softwaredir/lofar/current/lofar/release
+++ sed -e 's/\./\\./g'
++ lfr_path=/data/softwaredir/lofar/current/lofar/release
++ for lfr_bin in bin sbin
++ lfr_bin=/data/softwaredir/lofar/current/lofar/release/bin
+++ echo /cvmfs/softdrive.nl/apmechev/anaconda-2-2.4.0/bin:/usr/lib64/qt-3.3/bin:/bin:/usr/lib64/ccache:/usr/local/bin:/usr/bin:/usr/local/sbin:/usr/sbin:/sbin:/usr/sara/bin:/usr/sara/sbin:/home/apmechev/bin
+++ sed -e s%:/data/softwaredir/lofar/current/lofar/release/bin:%:%g -e 's%^/data/softwaredir/lofar/current/lofar/release/bin:%%' -e 's%:/data/softwaredir/lofar/current/lofar/release/bin$%%' -e 's%^/data/softwaredir/lofar/current/lofar/release/bin$%%'
++ PATH=/cvmfs/softdrive.nl/apmechev/anaconda-2-2.4.0/bin:/usr/lib64/qt-3.3/bin:/bin:/usr/lib64/ccache:/usr/local/bin:/usr/bin:/usr/local/sbin:/usr/sbin:/sbin:/usr/sara/bin:/usr/sara/sbin:/home/apmechev/bin
++ export PATH
++ for lfr_bin in bin sbin
++ lfr_bin=/data/softwaredir/lofar/current/lofar/release/sbin
+++ echo /cvmfs/softdrive.nl/apmechev/anaconda-2-2.4.0/bin:/usr/lib64/qt-3.3/bin:/bin:/usr/lib64/ccache:/usr/local/bin:/usr/bin:/usr/local/sbin:/usr/sbin:/sbin:/usr/sara/bin:/usr/sara/sbin:/home/apmechev/bin
+++ sed -e s%:/data/softwaredir/lofar/current/lofar/release/sbin:%:%g -e 's%^/data/softwaredir/lofar/current/lofar/release/sbin:%%' -e 's%:/data/softwaredir/lofar/current/lofar/release/sbin$%%' -e 's%^/data/softwaredir/lofar/current/lofar/release/sbin$%%'
++ PATH=/cvmfs/softdrive.nl/apmechev/anaconda-2-2.4.0/bin:/usr/lib64/qt-3.3/bin:/bin:/usr/lib64/ccache:/usr/local/bin:/usr/bin:/usr/local/sbin:/usr/sbin:/sbin:/usr/sara/bin:/usr/sara/sbin:/home/apmechev/bin
++ export PATH
++ lfr_lib=/data/softwaredir/lofar/current/lofar/release/lib64
+++ echo
+++ sed -e s%:/data/softwaredir/lofar/current/lofar/release/lib64:%:%g -e 's%^/data/softwaredir/lofar/current/lofar/release/lib64:%%' -e 's%:/data/softwaredir/lofar/current/lofar/release/lib64$%%' -e 's%^/data/softwaredir/lofar/current/lofar/release/lib64$%%'
++ LD_LIBRARY_PATH=
++ export LD_LIBRARY_PATH
++ lfr_pyt=/data/softwaredir/lofar/current/lofar/release/lib/python2.7/site-packages
+++ echo
+++ sed -e s%:/data/softwaredir/lofar/current/lofar/release/lib/python2.7/site-packages:%:%g -e 's%^/data/softwaredir/lofar/current/lofar/release/lib/python2.7/site-packages:%%' -e 's%:/data/softwaredir/lofar/current/lofar/release/lib/python2.7/site-packages$%%' -e 's%^/data/softwaredir/lofar/current/lofar/release/lib/python2.7/site-packages$%%'
++ PYTHONPATH=
++ export PYTHONPATH
+++ cd /data/home/lfrsgm11/home_crm01_067965840/CREAM067965840/lofar_lta_build/lofar/release
/data/softwaredir/lofar/current/lofar/release/lofarinit.sh: line 64: cd: /data/home/lfrsgm11/home_crm01_067965840/CREAM067965840/lofar_lta_build/lofar/release: No such file or directory
+++ pwd
++ lfr_nroot=/home/apmechev/TEST_29012016/TEST/FAD_v6/Application/sandbox
++ '[' /home/apmechev/TEST_29012016/TEST/FAD_v6/Application/sandbox = '' -o '!' -d /home/apmechev/TEST_29012016/TEST/FAD_v6/Application/sandbox/bin ']'
++ echo 'LOFAR root directory /home/apmechev/TEST_29012016/TEST/FAD_v6/Application/sandbox/bin does not exist; keeping old LOFARROOT /data/softwaredir/lofar/current/lofar/release'
++ '[' /data/softwaredir/lofar/current/lofar/release = '' -o '!' -d /data/softwaredir/lofar/current/lofar/release/bin ']'
++ '[' /cvmfs/softdrive.nl/apmechev/anaconda-2-2.4.0/bin:/usr/lib64/qt-3.3/bin:/bin:/usr/lib64/ccache:/usr/local/bin:/usr/bin:/usr/local/sbin:/usr/sbin:/sbin:/usr/sara/bin:/usr/sara/sbin:/home/apmechev/bin = '' ']'
++ PATH=/data/softwaredir/lofar/current/lofar/release/bin:/data/softwaredir/lofar/current/lofar/release/sbin:/cvmfs/softdrive.nl/apmechev/anaconda-2-2.4.0/bin:/usr/lib64/qt-3.3/bin:/bin:/usr/lib64/ccache:/usr/local/bin:/usr/bin:/usr/local/sbin:/usr/sbin:/sbin:/usr/sara/bin:/usr/sara/sbin:/home/apmechev/bin
++ export PATH
++ '[' '' = '' ']'
++ LD_LIBRARY_PATH=/data/softwaredir/lofar/current/lofar/release/lib64
++ export LD_LIBRARY_PATH
++ lfr_pyt=/data/softwaredir/lofar/current/lofar/release/lib/python2.7/site-packages
++ '[' '' = '' ']'
++ PYTHONPATH=/data/softwaredir/lofar/current/lofar/release/lib/python2.7/site-packages
++ export PYTHONPATH
+++ echo /data/softwaredir/lofar/current/lofar/release
+++ sed -e 's%/installed.*%%'
++ lfr_path=/data/softwaredir/lofar/current/lofar/release
++ '[' /data/softwaredir/lofar/current/lofar/release '!=' '' -a -d /data/softwaredir/lofar/current/lofar/release/data ']'
+++ echo /data/softwaredir/lofar/current/lofar/release
+++ sed -e 's%/LOFAR/.*%/LOFAR%'
++ lfr_path=/data/softwaredir/lofar/current/lofar/release
++ '[' /data/softwaredir/lofar/current/lofar/release '!=' '' -a -d /data/softwaredir/lofar/current/lofar/releaseDATA ']'
++ LOFARDATAROOT=/opt/lofar/data
++ export LOFARDATAROOT
++ unset lfr_root lfr_nroot lfr_bin lfr_libdir lfr_lib lfr_pylibdir lfr_pyt lfr_path
+ echo 'correct PATH and LD_LIBRARY_PATH for incomplete settings in lofarinit.sh'
+ export PATH=/data/softwaredir/lofar/current/lofar/release/bin:/data/softwaredir/lofar/current/lofar/release/sbin:/data/softwaredir/lofar/current/local/release/bin:/data/softwaredir/lofar/current/lofar/release/bin:/data/softwaredir/lofar/current/lofar/release/sbin:/cvmfs/softdrive.nl/apmechev/anaconda-2-2.4.0/bin:/usr/lib64/qt-3.3/bin:/bin:/usr/lib64/ccache:/usr/local/bin:/usr/bin:/usr/local/sbin:/usr/sbin:/sbin:/usr/sara/bin:/usr/sara/sbin:/home/apmechev/bin
+ PATH=/data/softwaredir/lofar/current/lofar/release/bin:/data/softwaredir/lofar/current/lofar/release/sbin:/data/softwaredir/lofar/current/local/release/bin:/data/softwaredir/lofar/current/lofar/release/bin:/data/softwaredir/lofar/current/lofar/release/sbin:/cvmfs/softdrive.nl/apmechev/anaconda-2-2.4.0/bin:/usr/lib64/qt-3.3/bin:/bin:/usr/lib64/ccache:/usr/local/bin:/usr/bin:/usr/local/sbin:/usr/sbin:/sbin:/usr/sara/bin:/usr/sara/sbin:/home/apmechev/bin
+ export LD_LIBRARY_PATH=/data/softwaredir/lofar/current/lofar/release/lib:/data/softwaredir/lofar/current/lofar/release/lib64:/data/softwaredir/lofar/current/local/release/lib:
+ LD_LIBRARY_PATH=/data/softwaredir/lofar/current/lofar/release/lib:/data/softwaredir/lofar/current/lofar/release/lib64:/data/softwaredir/lofar/current/local/release/lib:
+ R_SW_DIR/current/local/release/lib64:/data/softwaredir/lofar/current/lofar/release/lib:/data/softwaredir/lofar/current/lofar/release/lib64:/data/softwaredir/lofar/current/local/release/lib:
./master_avg_dmx_v2.sh: line 90: R_SW_DIR/current/local/release/lib64:/data/softwaredir/lofar/current/lofar/release/lib:/data/softwaredir/lofar/current/lofar/release/lib64:/data/softwaredir/lofar/current/local/release/lib:: No such file or directory
+ export PYTHONPATH=/data/softwaredir/lofar/current/lofar/release/lib/python2.7/site-packages:/data/softwaredir/lofar/current/local/release/lib/python2.7/site-packages:
+ PYTHONPATH=/data/softwaredir/lofar/current/lofar/release/lib/python2.7/site-packages:/data/softwaredir/lofar/current/local/release/lib/python2.7/site-packages:
+ H
./master_avg_dmx_v2.sh: line 92: H: command not found
+ echo 'adding symbolic link for EPHEMERIDES and GEODETIC data into homedir'
+ ln -s /data/softwaredir/lofar/data /home/apmechev/
ln: creating symbolic link `/home/apmechev/data': File exists
+ JOBDIR=/home/apmechev/TEST_29012016/TEST/FAD_v6/Application/sandbox
+ OBSID=L229585
+ SURL_SUBBAND=srm://srm.grid.sara.nl:8443/pnfs/grid.sara.nl/data/lofar/ops/projects/lc2_038/229585/L229585_SB000_uv.dppp.MS_65198c92.tar
+ AVG_FREQ_STEP=2
+ AVG_TIME_STEP=2
+ DO_DEMIX=False
+ DEMIX_FREQ_STEP=2
+ DEMIX_TIME_STEP=2
+ DEMIX_SOURCES=CasA
+ SELECT_NL=True
+ SUBBAND_NUM=000
+ echo 'INITIALIZATION OF JOB ARGUMENTS'
+ echo /home/apmechev/TEST_29012016/TEST/FAD_v6/Application/sandbox
+ echo L229585
+ echo srm://srm.grid.sara.nl:8443/pnfs/grid.sara.nl/data/lofar/ops/projects/lc2_038/229585/L229585_SB000_uv.dppp.MS_65198c92.tar
+ echo 2
+ echo 2
+ echo False
+ echo 2
+ echo 2
+ echo CasA
+ echo True
+ echo 000
+ echo ''
+ INPUT_FIFO=GRID_input_fifo.tar
++ SURLtoTURL srm://srm.grid.sara.nl:8443/pnfs/grid.sara.nl/data/lofar/ops/projects/lc2_038/229585/L229585_SB000_uv.dppp.MS_65198c92.tar
++ SURL=srm://srm.grid.sara.nl:8443/pnfs/grid.sara.nl/data/lofar/ops/projects/lc2_038/229585/L229585_SB000_uv.dppp.MS_65198c92.tar
++ sara_TURL_string=gsiftp://gridftp.grid.sara.nl:2811
++ sara_SURL_string=srm://srm.grid.sara.nl:8443
++ juelich_TURL_string=gsiftp://dcachepool12.fz-juelich.de:2811
++ juelich_SURL_string=srm://lofar-srm.fz-juelich.de:8443
++ [[ srm://srm.grid.sara.nl:8443/pnfs/grid.sara.nl/data/lofar/ops/projects/lc2_038/229585/L229585_SB000_uv.dppp.MS_65198c92.tar == *sara* ]]
+++ echo srm://srm.grid.sara.nl:8443/pnfs/grid.sara.nl/data/lofar/ops/projects/lc2_038/229585/L229585_SB000_uv.dppp.MS_65198c92.tar
+++ sed -e s%srm://srm.grid.sara.nl:8443%gsiftp://gridftp.grid.sara.nl:2811%g
++ TURL=gsiftp://gridftp.grid.sara.nl:2811/pnfs/grid.sara.nl/data/lofar/ops/projects/lc2_038/229585/L229585_SB000_uv.dppp.MS_65198c92.tar
++ echo gsiftp://gridftp.grid.sara.nl:2811/pnfs/grid.sara.nl/data/lofar/ops/projects/lc2_038/229585/L229585_SB000_uv.dppp.MS_65198c92.tar
+ TURL_SUBBAND=gsiftp://gridftp.grid.sara.nl:2811/pnfs/grid.sara.nl/data/lofar/ops/projects/lc2_038/229585/L229585_SB000_uv.dppp.MS_65198c92.tar
++ mktemp -d -p /scratch
+ RUNDIR=/scratch/tmp.X5aLLG2PFg
+ cp /home/apmechev/TEST_29012016/TEST/FAD_v6/Application/sandbox/scripts.tar /scratch/tmp.X5aLLG2PFg
+ cd /scratch/tmp.X5aLLG2PFg
+ echo 'untar scripts'
+ tar -xf scripts.tar
+ cp -r scripts/3C196_only.parset scripts/3C196-pandey.skymodel scripts/Ateam_LBA.sky.tar scripts/avg_dmx_v2.py scripts/src_blank.skymodel scripts/src_correct.parset .
+ echo ''
+ echo ---------------------------------------------------------------------------
+ echo 'START PROCESSING' L229585 SUBBAND: srm://srm.grid.sara.nl:8443/pnfs/grid.sara.nl/data/lofar/ops/projects/lc2_038/229585/L229585_SB000_uv.dppp.MS_65198c92.tar
+ echo ---------------------------------------------------------------------------
+ full_surl=srm://srm.grid.sara.nl:8443/pnfs/grid.sara.nl/data/lofar/ops/projects/lc2_038/229585/L229585_SB000_uv.dppp.MS_65198c92.tar
+ echo ''
+ echo ---------------------------
+ echo 'START AVG DMX'
+ echo ---------------------------
+ echo 'create fifo for input'
+ mkfifo GRID_input_fifo.tar
+ TAR_PID=26582
+ echo 'download file'
+ tar -Bxf GRID_input_fifo.tar
++ pwd
+ globus-url-copy gsiftp://gridftp.grid.sara.nl:2811/pnfs/grid.sara.nl/data/lofar/ops/projects/lc2_038/229585/L229585_SB000_uv.dppp.MS_65198c92.tar file:////scratch/tmp.X5aLLG2PFg/GRID_input_fifo.tar

real	0m2.629s
user	0m0.265s
sys	0m1.438s
+ wait 26582
+ [[ 0 != \0 ]]
+ echo 'remove fifo'
+ rm -f GRID_input_fifo.tar
+ echo 'step2 finished, list contents'
+ ls -l /scratch/tmp.X5aLLG2PFg
+ du -hs /scratch/tmp.X5aLLG2PFg
+ du -hs /scratch/tmp.X5aLLG2PFg/3C196_only.parset /scratch/tmp.X5aLLG2PFg/3C196-pandey.skymodel /scratch/tmp.X5aLLG2PFg/Ateam_LBA.sky.tar /scratch/tmp.X5aLLG2PFg/avg_dmx_v2.py /scratch/tmp.X5aLLG2PFg/L229585_SB000_uv.dppp.MS /scratch/tmp.X5aLLG2PFg/scripts /scratch/tmp.X5aLLG2PFg/scripts.tar /scratch/tmp.X5aLLG2PFg/src_blank.skymodel /scratch/tmp.X5aLLG2PFg/src_correct.parset
++ echo srm://srm.grid.sara.nl:8443/pnfs/grid.sara.nl/data/lofar/ops/projects/lc2_038/229585/L229585_SB000_uv.dppp.MS_65198c92.tar
++ cut -d/ -f 12
+ snt=L229585_SB000_uv.dppp.MS_65198c92.tar
++ echo L229585_SB000_uv.dppp.MS_65198c92.tar
++ cut -d_ -f 1
+ sn1=L229585
++ echo L229585_SB000_uv.dppp.MS_65198c92.tar
++ cut -d_ -f 2
+ sn2=SB000
++ echo L229585_SB000_uv.dppp.MS_65198c92.tar
++ cut -d_ -f 3
+ sn3=uv.dppp.MS
++ echo L229585_SB000_uv.dppp.MS_65198c92.tar
++ cut -d_ -f 4
+ sn4=65198c92.tar
+ untarred_name=L229585_SB000_uv.dppp.MS_65198c92.tar
+ echo 'untarred surl file: ,' L229585_SB000_uv.dppp.MS_65198c92.tar
+ new_name=L229585_SB000_uv.dppp.MS
+ echo 'desired file name : ,' L229585_SB000_uv.dppp.MS
+ sbn=SB000
+ echo 'sbn from sn2 : ,' SB000
+ echo ''
+ echo 'rename untarred surl file: ,' L229585_SB000_uv.dppp.MS_65198c92.tar
+ mv L229585_SB000_uv.dppp.MS_65198c92.tar L229585_SB000_uv.dppp.MS
mv: cannot stat `L229585_SB000_uv.dppp.MS_65198c92.tar': No such file or directory
+ echo 'Done Rename to create: ,' L229585_SB000_uv.dppp.MS
+ echo 'step3 mv file done, list contents'
+ ls -l /scratch/tmp.X5aLLG2PFg
+ du -hs /scratch/tmp.X5aLLG2PFg
+ du -hs /scratch/tmp.X5aLLG2PFg/3C196_only.parset /scratch/tmp.X5aLLG2PFg/3C196-pandey.skymodel /scratch/tmp.X5aLLG2PFg/Ateam_LBA.sky.tar /scratch/tmp.X5aLLG2PFg/avg_dmx_v2.py /scratch/tmp.X5aLLG2PFg/L229585_SB000_uv.dppp.MS /scratch/tmp.X5aLLG2PFg/scripts /scratch/tmp.X5aLLG2PFg/scripts.tar /scratch/tmp.X5aLLG2PFg/src_blank.skymodel /scratch/tmp.X5aLLG2PFg/src_correct.parset
+ dirc=/scratch/tmp.X5aLLG2PFg
+ name=L229585_SB000_uv.dppp.MS
+ path=/scratch/tmp.X5aLLG2PFg/L229585_SB000_uv.dppp.MS
+ avg_freq_step=2
+ avg_time_step=2
+ do_demix=False
+ demix_freq_step=2
+ demix_time_step=2
+ demix_sources=CasA
+ select_nl=True
+ echo /scratch/tmp.X5aLLG2PFg/L229585_SB000_uv.dppp.MS
+ echo ''
+ echo 'execute avg_dmx.py'
+ python avg_dmx_v2.py L229585_SB000_uv.dppp.MS 2 2 False 2 2 CasA True

real	0m1.629s
user	0m0.648s
sys	0m0.164s
+ echo 'Done Command: '
+ echo 'time python avg_dmx_v2.py,' L229585_SB000_uv.dppp.MS, 2, 2, False, 2, 2, CasA, True
+ echo 'step3 finished, list contents'
+ ls -l /scratch/tmp.X5aLLG2PFg
+ du -hs /scratch/tmp.X5aLLG2PFg
+ du -hs /scratch/tmp.X5aLLG2PFg/3C196_only.parset /scratch/tmp.X5aLLG2PFg/3C196-pandey.skymodel /scratch/tmp.X5aLLG2PFg/Ateam_LBA.sky /scratch/tmp.X5aLLG2PFg/Ateam_LBA.sky.tar /scratch/tmp.X5aLLG2PFg/avg_dmx_v2.py /scratch/tmp.X5aLLG2PFg/L229585_SB000_uv.dppp.MS /scratch/tmp.X5aLLG2PFg/L229585_SB000_uv.dppp.MS_fa.parset /scratch/tmp.X5aLLG2PFg/log_L229585_SB000_uv.dppp.MS /scratch/tmp.X5aLLG2PFg/scripts /scratch/tmp.X5aLLG2PFg/scripts.tar /scratch/tmp.X5aLLG2PFg/src_blank.skymodel /scratch/tmp.X5aLLG2PFg/src_correct.parset
+ echo 'python run log contents'
+ more log_L229585_SB000_uv.dppp.MS
+ echo ''
+ echo ---------------------------------------------------------------------------
+ echo 'Copy the output from the Worker Node to the Grid Storage Element'
+ echo ---------------------------------------------------------------------------
+ echo 'JOBDIR, RUNDIR, PWD: ,' /home/apmechev/TEST_29012016/TEST/FAD_v6/Application/sandbox, /scratch/tmp.X5aLLG2PFg, /scratch/tmp.X5aLLG2PFg
+ ls -l /home/apmechev/TEST_29012016/TEST/FAD_v6/Application/sandbox
+ ls -l /scratch/tmp.X5aLLG2PFg
+ ls -l /scratch/tmp.X5aLLG2PFg
+ du -hs /scratch/tmp.X5aLLG2PFg
+ du -hs /scratch/tmp.X5aLLG2PFg/3C196_only.parset /scratch/tmp.X5aLLG2PFg/3C196-pandey.skymodel /scratch/tmp.X5aLLG2PFg/Ateam_LBA.sky /scratch/tmp.X5aLLG2PFg/Ateam_LBA.sky.tar /scratch/tmp.X5aLLG2PFg/avg_dmx_v2.py /scratch/tmp.X5aLLG2PFg/L229585_SB000_uv.dppp.MS /scratch/tmp.X5aLLG2PFg/L229585_SB000_uv.dppp.MS_fa.parset /scratch/tmp.X5aLLG2PFg/log_L229585_SB000_uv.dppp.MS /scratch/tmp.X5aLLG2PFg/scripts /scratch/tmp.X5aLLG2PFg/scripts.tar /scratch/tmp.X5aLLG2PFg/src_blank.skymodel /scratch/tmp.X5aLLG2PFg/src_correct.parset
++ ls -d '*.fa'
++ wc -l
ls: cannot access *.fa: No such file or directory
+ [[ 0 < 1 ]]
+ echo '.FA FILES do not exist. Clean up and Exit now...'
+ cp log_L229585_SB000_uv.dppp.MS /home/apmechev/TEST_29012016/TEST/FAD_v6/Application/sandbox
+ cd /home/apmechev/TEST_29012016/TEST/FAD_v6/Application/sandbox
+ exit 1
Command exited with non-zero status 1
	Command being timed: "./master_avg_dmx_v2.sh L229585 srm://srm.grid.sara.nl:8443/pnfs/grid.sara.nl/data/lofar/ops/projects/lc2_038/229585/L229585_SB000_uv.dppp.MS_65198c92.tar 2 2 False 2 2 CasA True 000"
	User time (seconds): 0.99
	System time (seconds): 1.73
	Percent of CPU this job got: 59%
	Elapsed (wall clock) time (h:mm:ss or m:ss): 0:04.59
	Average shared text size (kbytes): 0
	Average unshared data size (kbytes): 0
	Average stack size (kbytes): 0
	Average total size (kbytes): 0
	Maximum resident set size (kbytes): 31176
	Average resident set size (kbytes): 0
	Major (requiring I/O) page faults: 19
	Minor (reclaiming a frame) page faults: 41018
	Voluntary context switches: 32969
	Involuntary context switches: 26658
	Swaps: 0
	File system inputs: 4920
	File system outputs: 637960
	Socket messages sent: 0
	Socket messages received: 0
	Signals delivered: 0
	Page size (bytes): 4096
	Exit status: 1
