
----------------------------------------------------------------------
Obtain information for the Worker Node and set the LOFAR environment
----------------------------------------------------------------------

Mon Mar 7 15:04:56 CET 2016
loui
/home/apmechev
/data/softwaredir/lofar
total 76
lrwxrwxrwx  1 lfrsgm11 lfrsgm   13 Feb 29 20:03 current -> LTA_sara_2_15
drwxrwxr-x  4 lfrsgm11 lfrsgm 4096 Feb  2 16:11 data
drwxrwxr-x  4 lfrsgm16 lfrsgm 4096 Oct  4  2013 data_2013-10-06T17-37-47
drwxrwxr-x  4 lfrsgm16 lfrsgm 4096 Oct  6  2013 data_2014-01-10T11-38-33
drwxrwxr-x  4 lfrsgm16 lfrsgm 4096 Oct  5  2013 data_2014-02-21T16-34-35
drwxrwxr-x  4 lfrsgm16 lfrsgm 4096 Apr  2  2014 data_old
drwxr-xr-x  2 lfrsgm16 lfrsgm 4096 May 25  2014 lofar_lta_builds
lrwxrwxrwx  1 lfrsgm16 lfrsgm   12 Mar 12  2014 LTA_0_96 -> LTA_sara_096
lrwxrwxrwx  1 lfrsgm16 lfrsgm   13 Mar 12  2014 LTA_1_14 -> LTA_sara_1_14
lrwxrwxrwx  1 lfrsgm16 lfrsgm   13 Mar 12  2014 LTA_1_15 -> LTA_sara_1_15
lrwxrwxrwx  1 lfrsgm16 lfrsgm   13 Mar 12  2014 LTA_1_16 -> LTA_sara_1_16
lrwxrwxrwx  1 lfrsgm16 lfrsgm   13 Mar 12  2014 LTA_1_17 -> LTA_sara_1_17
lrwxrwxrwx  1 lfrsgm16 lfrsgm   11 Mar 12  2014 LTA_1_3 -> LTA_sara_13
lrwxrwxrwx  1 lfrsgm16 lfrsgm   11 Mar 12  2014 LTA_1_9 -> LTA_sara_19
lrwxrwxrwx  1 lfrsgm16 lfrsgm   11 Mar 12  2014 LTA_2_0 -> LTA_sara_20
lrwxrwxrwx  1 lfrsgm16 lfrsgm   11 Mar 12  2014 LTA_2_1 -> LTA_sara_21
drwxrwxr-x  5 lfrsgm14 lfrsgm 4096 Jun 18  2012 LTA_sara_096
drwxr-xr-x  5 lfrsgm16 lfrsgm 4096 May 30  2013 LTA_sara_1_14
drwxr-xr-x  5 lfrsgm16 lfrsgm 4096 Jul 23  2013 LTA_sara_1_15
drwxr-xr-x  5 lfrsgm16 lfrsgm 4096 Oct  4  2013 LTA_sara_1_16
drwxr-xr-x  5 lfrsgm16 lfrsgm 4096 Oct  6  2013 LTA_sara_1_17
drwxrwxr-x  5 lfrsgm14 lfrsgm 4096 Jul 30  2012 LTA_sara_13
drwxr-xr-x  5 lfrsgm16 lfrsgm 4096 Jan 14  2013 LTA_sara_19
drwxr-xr-x  5 lfrsgm16 lfrsgm 4096 Jan 10  2014 LTA_sara_20
drwxr-xr-x  5 lfrsgm16 lfrsgm 4096 Feb 21  2014 LTA_sara_21
drwxr-xr-x  5 lfrsgm11 lfrsgm 4096 Feb 29 19:57 LTA_sara_2_15
drwxr-xr-x  5 lfrsgm11 lfrsgm 4096 Apr  2  2015 LTA_sara_29
drwxrwxr-x 12 lfrsgm24 lfrsgm 4096 Aug  1  2011 opt
drwxrwxr-x 10 lfrsgm24 lfrsgm 4096 Oct 14  2011 psr_lofarsoft
lrwxrwxrwx  1 lfrsgm14 lfrsgm   12 Jun 18  2012 trunk -> LTA_sara_096

Job directory is:
/home/apmechev/TEST_29012016/TEST/FAD_v6/Application/sandbox
total 852
-rw-rw-r-- 1 apmechev apmechev 143360 Jan 18 20:48 Ateam_LBA.sky.tar
drwxr-xr-x 4 apmechev apmechev   4096 Mar  7 15:04 couchdb
-rw-rw-r-- 1 apmechev apmechev 307200 Jan 18 20:48 couchdb.tar
-rw-r--r-- 1 apmechev apmechev   1435 Mar  7 15:01 log_L229585_SB000_uv.dppp.MS
-rw-r--r-- 1 apmechev apmechev    651 Mar  7 15:04 logs_L229585_000.err
-rw-r--r-- 1 apmechev apmechev   2349 Mar  7 15:04 logs_L229585_000.out
-rwxr-xr-x 1 apmechev apmechev  13384 Mar  7 15:02 master_avg_dmx_v2.sh
-rw-r--r-- 1 apmechev apmechev  13399 Jan 18 20:59 master_avg_dmx_v2.sh~
drwxrwxr-x 2 apmechev apmechev   4096 Mar  7 15:04 picas
-rw-rw-r-- 1 apmechev apmechev  71680 Jan 18 20:48 picas.tar
-rw-rw-r-- 1 apmechev apmechev   5382 Feb 26 11:15 pilot.py
-rwxrwxr-x 1 apmechev apmechev    128 Feb 16 09:39 pnames.sh
-rw-rw-r-- 1 apmechev apmechev 110815 Feb  9 15:06 sample.out
drwxrwxr-x 2 apmechev apmechev    152 Feb 15 16:44 scripts
-rw-rw-r-- 1 apmechev apmechev 163840 Jan 18 20:53 scripts.tar
-rwxrw-r-- 1 apmechev apmechev   1068 Feb 12 10:53 startpilot.sh

WN Architecture is:
MemTotal:       24605872 kB
model name	: QEMU Virtual CPU version (cpu64-rhel6)
model name	: QEMU Virtual CPU version (cpu64-rhel6)
model name	: QEMU Virtual CPU version (cpu64-rhel6)
model name	: QEMU Virtual CPU version (cpu64-rhel6)
model name	: QEMU Virtual CPU version (cpu64-rhel6)
model name	: QEMU Virtual CPU version (cpu64-rhel6)

Setting up the LOFAR environment; release current:
source lofarinit.sh
LOFAR root directory /home/apmechev/TEST_29012016/TEST/FAD_v6/Application/sandbox/bin does not exist; keeping old LOFARROOT /data/softwaredir/lofar/current/lofar/release
correct PATH and LD_LIBRARY_PATH for incomplete settings in lofarinit.sh
adding symbolic link for EPHEMERIDES and GEODETIC data into homedir
INITIALIZATION OF JOB ARGUMENTS
/home/apmechev/TEST_29012016/TEST/FAD_v6/Application/sandbox
L229585
srm://srm.grid.sara.nl:8443/pnfs/grid.sara.nl/data/lofar/ops/projects/lc2_038/229585/L229585_SB000_uv.dppp.MS_65198c92.tar
2
2
False
2
2
CasA
True
000

untar scripts

---------------------------------------------------------------------------
START PROCESSING L229585 SUBBAND: srm://srm.grid.sara.nl:8443/pnfs/grid.sara.nl/data/lofar/ops/projects/lc2_038/229585/L229585_SB000_uv.dppp.MS_65198c92.tar
---------------------------------------------------------------------------

---------------------------
START AVG DMX
---------------------------
create fifo for input
download file
remove fifo
step2 finished, list contents
total 328
-rw-r--r--  1 apmechev apmechev   1266 Mar  7 15:04 3C196_only.parset
-rwxr-xr-x  1 apmechev apmechev    859 Mar  7 15:04 3C196-pandey.skymodel
-rw-r--r--  1 apmechev apmechev 143360 Mar  7 15:04 Ateam_LBA.sky.tar
-rw-r--r--  1 apmechev apmechev   4857 Mar  7 15:04 avg_dmx_v2.py
drwxr-xr-x 21 apmechev apmechev   4096 Mar  7 15:04 L229585_SB000_uv.dppp.MS
drwxr-xr-x  2 apmechev apmechev    152 Jan 18 20:51 scripts
-rw-r--r--  1 apmechev apmechev 163840 Mar  7 15:04 scripts.tar
-rw-r--r--  1 apmechev apmechev    138 Mar  7 15:04 src_blank.skymodel
-rw-r--r--  1 apmechev apmechev    413 Mar  7 15:04 src_correct.parset
312M	/scratch/tmp.X5aLLG2PFg
4.0K	/scratch/tmp.X5aLLG2PFg/3C196_only.parset
4.0K	/scratch/tmp.X5aLLG2PFg/3C196-pandey.skymodel
140K	/scratch/tmp.X5aLLG2PFg/Ateam_LBA.sky.tar
8.0K	/scratch/tmp.X5aLLG2PFg/avg_dmx_v2.py
311M	/scratch/tmp.X5aLLG2PFg/L229585_SB000_uv.dppp.MS
164K	/scratch/tmp.X5aLLG2PFg/scripts
160K	/scratch/tmp.X5aLLG2PFg/scripts.tar
4.0K	/scratch/tmp.X5aLLG2PFg/src_blank.skymodel
4.0K	/scratch/tmp.X5aLLG2PFg/src_correct.parset
untarred surl file: , L229585_SB000_uv.dppp.MS_65198c92.tar
desired file name : , L229585_SB000_uv.dppp.MS
sbn from sn2 : , SB000

rename untarred surl file: , L229585_SB000_uv.dppp.MS_65198c92.tar
Done Rename to create: , L229585_SB000_uv.dppp.MS
step3 mv file done, list contents
total 328
-rw-r--r--  1 apmechev apmechev   1266 Mar  7 15:04 3C196_only.parset
-rwxr-xr-x  1 apmechev apmechev    859 Mar  7 15:04 3C196-pandey.skymodel
-rw-r--r--  1 apmechev apmechev 143360 Mar  7 15:04 Ateam_LBA.sky.tar
-rw-r--r--  1 apmechev apmechev   4857 Mar  7 15:04 avg_dmx_v2.py
drwxr-xr-x 21 apmechev apmechev   4096 Mar  7 15:04 L229585_SB000_uv.dppp.MS
drwxr-xr-x  2 apmechev apmechev    152 Jan 18 20:51 scripts
-rw-r--r--  1 apmechev apmechev 163840 Mar  7 15:04 scripts.tar
-rw-r--r--  1 apmechev apmechev    138 Mar  7 15:04 src_blank.skymodel
-rw-r--r--  1 apmechev apmechev    413 Mar  7 15:04 src_correct.parset
312M	/scratch/tmp.X5aLLG2PFg
4.0K	/scratch/tmp.X5aLLG2PFg/3C196_only.parset
4.0K	/scratch/tmp.X5aLLG2PFg/3C196-pandey.skymodel
140K	/scratch/tmp.X5aLLG2PFg/Ateam_LBA.sky.tar
8.0K	/scratch/tmp.X5aLLG2PFg/avg_dmx_v2.py
311M	/scratch/tmp.X5aLLG2PFg/L229585_SB000_uv.dppp.MS
164K	/scratch/tmp.X5aLLG2PFg/scripts
160K	/scratch/tmp.X5aLLG2PFg/scripts.tar
4.0K	/scratch/tmp.X5aLLG2PFg/src_blank.skymodel
4.0K	/scratch/tmp.X5aLLG2PFg/src_correct.parset
/scratch/tmp.X5aLLG2PFg/L229585_SB000_uv.dppp.MS

execute avg_dmx.py
Done Command: 
time python avg_dmx_v2.py, L229585_SB000_uv.dppp.MS, 2, 2, False, 2, 2, CasA, True
step3 finished, list contents
total 336
-rw-r--r--  1 apmechev apmechev   1266 Mar  7 15:04 3C196_only.parset
-rwxr-xr-x  1 apmechev apmechev    859 Mar  7 15:04 3C196-pandey.skymodel
drwx------  5 apmechev apmechev    133 Aug 21  2015 Ateam_LBA.sky
-rw-r--r--  1 apmechev apmechev 143360 Mar  7 15:04 Ateam_LBA.sky.tar
-rw-r--r--  1 apmechev apmechev   4857 Mar  7 15:04 avg_dmx_v2.py
drwxr-xr-x 21 apmechev apmechev   4096 Mar  7 15:04 L229585_SB000_uv.dppp.MS
-rw-r--r--  1 apmechev apmechev   1183 Mar  7 15:04 L229585_SB000_uv.dppp.MS_fa.parset
-rw-r--r--  1 apmechev apmechev   1435 Mar  7 15:05 log_L229585_SB000_uv.dppp.MS
drwxr-xr-x  2 apmechev apmechev    152 Jan 18 20:51 scripts
-rw-r--r--  1 apmechev apmechev 163840 Mar  7 15:04 scripts.tar
-rw-r--r--  1 apmechev apmechev    138 Mar  7 15:04 src_blank.skymodel
-rw-r--r--  1 apmechev apmechev    413 Mar  7 15:04 src_correct.parset
312M	/scratch/tmp.X5aLLG2PFg
4.0K	/scratch/tmp.X5aLLG2PFg/3C196_only.parset
4.0K	/scratch/tmp.X5aLLG2PFg/3C196-pandey.skymodel
184K	/scratch/tmp.X5aLLG2PFg/Ateam_LBA.sky
140K	/scratch/tmp.X5aLLG2PFg/Ateam_LBA.sky.tar
8.0K	/scratch/tmp.X5aLLG2PFg/avg_dmx_v2.py
311M	/scratch/tmp.X5aLLG2PFg/L229585_SB000_uv.dppp.MS
4.0K	/scratch/tmp.X5aLLG2PFg/L229585_SB000_uv.dppp.MS_fa.parset
4.0K	/scratch/tmp.X5aLLG2PFg/log_L229585_SB000_uv.dppp.MS
164K	/scratch/tmp.X5aLLG2PFg/scripts
160K	/scratch/tmp.X5aLLG2PFg/scripts.tar
4.0K	/scratch/tmp.X5aLLG2PFg/src_blank.skymodel
4.0K	/scratch/tmp.X5aLLG2PFg/src_correct.parset
python run log contents
Ateam_LBA.sky/
Ateam_LBA.sky/table.lock
Ateam_LBA.sky/table.f0
Ateam_LBA.sky/NAMES/
Ateam_LBA.sky/NAMES/table.lock
Ateam_LBA.sky/NAMES/table.f0
Ateam_LBA.sky/NAMES/table.info
Ateam_LBA.sky/NAMES/table.dat
Ateam_LBA.sky/NAMES/table.f0i
Ateam_LBA.sky/table.info
Ateam_LBA.sky/SOURCES/
Ateam_LBA.sky/SOURCES/PATCHES/
Ateam_LBA.sky/SOURCES/PATCHES/table.lock
Ateam_LBA.sky/SOURCES/PATCHES/table.f0
Ateam_LBA.sky/SOURCES/PATCHES/table.info
Ateam_LBA.sky/SOURCES/PATCHES/table.dat
Ateam_LBA.sky/SOURCES/table.lock
Ateam_LBA.sky/SOURCES/table.f0
Ateam_LBA.sky/SOURCES/table.info
Ateam_LBA.sky/SOURCES/table.dat
Ateam_LBA.sky/SOURCES/table.f0i
Ateam_LBA.sky/DEFAULTVALUES/
Ateam_LBA.sky/DEFAULTVALUES/table.lock
Ateam_LBA.sky/DEFAULTVALUES/table.f0
Ateam_LBA.sky/DEFAULTVALUES/table.info
Ateam_LBA.sky/DEFAULTVALUES/table.dat
Ateam_LBA.sky/DEFAULTVALUES/table.f0i
Ateam_LBA.sky/table.dat
Ateam_LBA.sky/table.f0i
rm: cannot remove `L229585_SB000_uv.dppp.MS_fa.parset': No such file or directory
log4cplus:ERROR No appenders could be found for logger (LCS.Common).
log4cplus:ERROR Please initialize the log4cplus system properly.
 MSReader selecting baselines ...
infile:  L229585_SB000_uv.dppp.MS
avgfrq:  2
avgtim:  2
do dmx:  False
dmxfrq:  2
dmxtim:  2
dmxsrc:  CasA
sel nl:  True
START AVG DMX: L229585_SB000_uv.dppp.MS
Untarring of: Ateam_LBA.sky.tar
Flag/Avg of: L229585_SB000_uv.dppp.MS
finished avg dmx of:  L229585_SB000_uv.dppp.MS.fa

---------------------------------------------------------------------------
Copy the output from the Worker Node to the Grid Storage Element
---------------------------------------------------------------------------
JOBDIR, RUNDIR, PWD: , /home/apmechev/TEST_29012016/TEST/FAD_v6/Application/sandbox, /scratch/tmp.X5aLLG2PFg, /scratch/tmp.X5aLLG2PFg
total 872
-rw-rw-r-- 1 apmechev apmechev 143360 Jan 18 20:48 Ateam_LBA.sky.tar
drwxr-xr-x 4 apmechev apmechev   4096 Mar  7 15:04 couchdb
-rw-rw-r-- 1 apmechev apmechev 307200 Jan 18 20:48 couchdb.tar
-rw-r--r-- 1 apmechev apmechev   1435 Mar  7 15:01 log_L229585_SB000_uv.dppp.MS
-rw-r--r-- 1 apmechev apmechev  16149 Mar  7 15:05 logs_L229585_000.err
-rw-r--r-- 1 apmechev apmechev  10800 Mar  7 15:05 logs_L229585_000.out
-rwxr-xr-x 1 apmechev apmechev  13384 Mar  7 15:02 master_avg_dmx_v2.sh
-rw-r--r-- 1 apmechev apmechev  13399 Jan 18 20:59 master_avg_dmx_v2.sh~
drwxrwxr-x 2 apmechev apmechev   4096 Mar  7 15:04 picas
-rw-rw-r-- 1 apmechev apmechev  71680 Jan 18 20:48 picas.tar
-rw-rw-r-- 1 apmechev apmechev   5382 Feb 26 11:15 pilot.py
-rwxrwxr-x 1 apmechev apmechev    128 Feb 16 09:39 pnames.sh
-rw-rw-r-- 1 apmechev apmechev 110815 Feb  9 15:06 sample.out
drwxrwxr-x 2 apmechev apmechev    152 Feb 15 16:44 scripts
-rw-rw-r-- 1 apmechev apmechev 163840 Jan 18 20:53 scripts.tar
-rwxrw-r-- 1 apmechev apmechev   1068 Feb 12 10:53 startpilot.sh
total 336
-rw-r--r--  1 apmechev apmechev   1266 Mar  7 15:04 3C196_only.parset
-rwxr-xr-x  1 apmechev apmechev    859 Mar  7 15:04 3C196-pandey.skymodel
drwx------  5 apmechev apmechev    133 Aug 21  2015 Ateam_LBA.sky
-rw-r--r--  1 apmechev apmechev 143360 Mar  7 15:04 Ateam_LBA.sky.tar
-rw-r--r--  1 apmechev apmechev   4857 Mar  7 15:04 avg_dmx_v2.py
drwxr-xr-x 21 apmechev apmechev   4096 Mar  7 15:04 L229585_SB000_uv.dppp.MS
-rw-r--r--  1 apmechev apmechev   1183 Mar  7 15:04 L229585_SB000_uv.dppp.MS_fa.parset
-rw-r--r--  1 apmechev apmechev   1435 Mar  7 15:05 log_L229585_SB000_uv.dppp.MS
drwxr-xr-x  2 apmechev apmechev    152 Jan 18 20:51 scripts
-rw-r--r--  1 apmechev apmechev 163840 Mar  7 15:04 scripts.tar
-rw-r--r--  1 apmechev apmechev    138 Mar  7 15:04 src_blank.skymodel
-rw-r--r--  1 apmechev apmechev    413 Mar  7 15:04 src_correct.parset
total 336
-rw-r--r--  1 apmechev apmechev   1266 Mar  7 15:04 3C196_only.parset
-rwxr-xr-x  1 apmechev apmechev    859 Mar  7 15:04 3C196-pandey.skymodel
drwx------  5 apmechev apmechev    133 Aug 21  2015 Ateam_LBA.sky
-rw-r--r--  1 apmechev apmechev 143360 Mar  7 15:04 Ateam_LBA.sky.tar
-rw-r--r--  1 apmechev apmechev   4857 Mar  7 15:04 avg_dmx_v2.py
drwxr-xr-x 21 apmechev apmechev   4096 Mar  7 15:04 L229585_SB000_uv.dppp.MS
-rw-r--r--  1 apmechev apmechev   1183 Mar  7 15:04 L229585_SB000_uv.dppp.MS_fa.parset
-rw-r--r--  1 apmechev apmechev   1435 Mar  7 15:05 log_L229585_SB000_uv.dppp.MS
drwxr-xr-x  2 apmechev apmechev    152 Jan 18 20:51 scripts
-rw-r--r--  1 apmechev apmechev 163840 Mar  7 15:04 scripts.tar
-rw-r--r--  1 apmechev apmechev    138 Mar  7 15:04 src_blank.skymodel
-rw-r--r--  1 apmechev apmechev    413 Mar  7 15:04 src_correct.parset
312M	/scratch/tmp.X5aLLG2PFg
4.0K	/scratch/tmp.X5aLLG2PFg/3C196_only.parset
4.0K	/scratch/tmp.X5aLLG2PFg/3C196-pandey.skymodel
184K	/scratch/tmp.X5aLLG2PFg/Ateam_LBA.sky
140K	/scratch/tmp.X5aLLG2PFg/Ateam_LBA.sky.tar
8.0K	/scratch/tmp.X5aLLG2PFg/avg_dmx_v2.py
311M	/scratch/tmp.X5aLLG2PFg/L229585_SB000_uv.dppp.MS
4.0K	/scratch/tmp.X5aLLG2PFg/L229585_SB000_uv.dppp.MS_fa.parset
4.0K	/scratch/tmp.X5aLLG2PFg/log_L229585_SB000_uv.dppp.MS
164K	/scratch/tmp.X5aLLG2PFg/scripts
160K	/scratch/tmp.X5aLLG2PFg/scripts.tar
4.0K	/scratch/tmp.X5aLLG2PFg/src_blank.skymodel
4.0K	/scratch/tmp.X5aLLG2PFg/src_correct.parset
.FA FILES do not exist. Clean up and Exit now...
