Connected to the database spectroscopy_alex sucessfully. Now starting work...
-----------------------
Working on token: token_L234028_486FAD_TS
lock 1461830282
_rev 28-132f8c82d08883d412ac7777071e6d2a
DEMIX_FREQ_STEP 2
PARSET "-"
DO_DEMIX False
done 0
SELECT_NL True
SURL_SUBBAND srm://lofar-srm.fz-juelich.de:8443/pnfs/fz-juelich.de/data/lofar/ops/projects/lc2_038/234028/L234028_SB486_uv.dppp.MS_12d09d5d.tar
AVG_FREQ_STEP 2
AVG_TIME_STEP 2
SUBBAND_NUM 486
hostname loui
scrub_count 0
DEMIX_TIME_STEP 2
DEMIX_SOURCES CasA
OBSID L234028
output 
_id token_L234028_486FAD_TS
type token
-----------------------
++++++++++++++++++++"-"
/usr/bin/time -v ./master_avg_dmx_v2.sh L234028 srm://lofar-srm.fz-juelich.de:8443/pnfs/fz-juelich.de/data/lofar/ops/projects/lc2_038/234028/L234028_SB486_uv.dppp.MS_12d09d5d.tar 2 2 False 2 2 CasA True 486 "-" 2> logs_L234028_486.err 1> logs_L234028_486.out
